{
  "RSpec": {
    "coverage": {
      "/Users/raghubetina/code/firstdraft/rspec-enriched_json/fuzzy_match_poc/normalized_match/lib/normalized_match.rb": {
        "lines": [
          null,
          null,
          1,
          1,
          null,
          1,
          1,
          1,
          1,
          null,
          null,
          null,
          1,
          1,
          4,
          null,
          null,
          null,
          null,
          1,
          1,
          1,
          null,
          null
        ],
        "branches": {
          "[:if, 0, 20, 0, 24, 3]": {
            "[:then, 1, 21, 2, 23, 5]": 1,
            "[:else, 2, 20, 0, 24, 3]": 0
          }
        }
      },
      "/Users/raghubetina/code/firstdraft/rspec-enriched_json/fuzzy_match_poc/normalized_match/lib/normalized_match/normalized_match_matcher.rb": {
        "lines": [
          null,
          null,
          1,
          1,
          1,
          19,
          null,
          18,
          18,
          null,
          null,
          18,
          18,
          null,
          null,
          18,
          null,
          null,
          19,
          null,
          2,
          2,
          2,
          2,
          null,
          null,
          2,
          2,
          2,
          null,
          null,
          2,
          2,
          2,
          2,
          null,
          null,
          2,
          2,
          null,
          null,
          2,
          null,
          null,
          null,
          null,
          2,
          4,
          4,
          4,
          4,
          4,
          null,
          null,
          null,
          2,
          6,
          null,
          null,
          null,
          2,
          2,
          2,
          null,
          2,
          1,
          1,
          1,
          1,
          1,
          1,
          1,
          1,
          1,
          null,
          1,
          1,
          1,
          null,
          null,
          null,
          2,
          2,
          2,
          2,
          2,
          null,
          0,
          null,
          null,
          null,
          null,
          null,
          2,
          null,
          2,
          null,
          null,
          1,
          null,
          null,
          1,
          null,
          null,
          1,
          null,
          null,
          1,
          1,
          null,
          1,
          1,
          1,
          1,
          1,
          null,
          null,
          null,
          1,
          null,
          null,
          1,
          1,
          null,
          1,
          1,
          1,
          1,
          1,
          null,
          null,
          null,
          1,
          null,
          null,
          null,
          1,
          null,
          null,
          1,
          null,
          null,
          1,
          null,
          null,
          1,
          null,
          1,
          1,
          1,
          1,
          null,
          null,
          null,
          1,
          null,
          null,
          null,
          2,
          null,
          2,
          null,
          null,
          null,
          19,
          null,
          null,
          19,
          null,
          null,
          19,
          3,
          null,
          null,
          19,
          36,
          null,
          null,
          null,
          58,
          null,
          null,
          null,
          null,
          null,
          null
        ],
        "branches": {
          "[:if, 0, 65, 4, 79, 7]": {
            "[:then, 1, 66, 6, 74, 25]": 1,
            "[:else, 2, 76, 6, 78, 25]": 1
          },
          "[:if, 3, 85, 8, 89, 11]": {
            "[:then, 4, 86, 10, 86, 29]": 2,
            "[:else, 5, 88, 10, 88, 21]": 0
          },
          "[:if, 6, 96, 4, 156, 7]": {
            "[:then, 7, 99, 6, 133, 133]": 1,
            "[:else, 8, 137, 6, 155, 99]": 1
          }
        }
      }
    },
    "timestamp": 1752928266
  }
}
